c:\users\adrien\desktop\programmation\snake\debug\vc120.pdb
c:\users\adrien\desktop\programmation\snake\debug\vc120.idb
c:\users\adrien\desktop\programmation\snake\debug\apple.obj
c:\users\adrien\desktop\programmation\snake\debug\board.obj
c:\users\adrien\desktop\programmation\snake\debug\direction.obj
c:\users\adrien\desktop\programmation\snake\debug\game.obj
c:\users\adrien\desktop\programmation\snake\debug\main.obj
c:\users\adrien\desktop\programmation\snake\debug\output.obj
c:\users\adrien\desktop\programmation\snake\debug\saving.obj
c:\users\adrien\desktop\programmation\snake\debug\snakelist.obj
c:\users\adrien\desktop\programmation\snake\debug\snakepart.obj
c:\users\adrien\desktop\programmation\snake\debug\testadrien.obj
c:\users\adrien\desktop\programmation\snake\debug\testkerian.obj
c:\users\adrien\desktop\programmation\snake\debug\snake.ilk
c:\users\adrien\desktop\programmation\snake\debug\snake.exe
c:\users\adrien\desktop\programmation\snake\debug\snake.pdb
c:\users\adrien\desktop\programmation\snake\debug\snake.tlog\cl.command.1.tlog
c:\users\adrien\desktop\programmation\snake\debug\snake.tlog\cl.read.1.tlog
c:\users\adrien\desktop\programmation\snake\debug\snake.tlog\cl.write.1.tlog
c:\users\adrien\desktop\programmation\snake\debug\snake.tlog\link.command.1.tlog
c:\users\adrien\desktop\programmation\snake\debug\snake.tlog\link.read.1.tlog
c:\users\adrien\desktop\programmation\snake\debug\snake.tlog\link.write.1.tlog
